<?xml version="1.0" encoding="utf-8"?><testsuites name="pytest tests"><testsuite name="pytest" errors="0" failures="3" skipped="0" tests="21" time="3.983" timestamp="2026-03-12T13:19:14.096234+00:00" hostname="agent-env-913c04bb-0ab2-485f-8070-9de05096ac56"><testcase classname="backend.tests.test_educonnect_services_enhancements.TestHealthAndBasics" name="test_health_endpoint" time="0.285" /><testcase classname="backend.tests.test_educonnect_services_enhancements.TestHealthAndBasics" name="test_root_endpoint" time="0.150" /><testcase classname="backend.tests.test_educonnect_services_enhancements.TestEduConnectUniversities" name="test_get_universities" time="0.121" /><testcase classname="backend.tests.test_educonnect_services_enhancements.TestEduConnectUniversities" name="test_universities_have_at_least_six" time="0.125" /><testcase classname="backend.tests.test_educonnect_services_enhancements.TestEduConnectUniversities" name="test_create_university" time="0.142"><failure message="AssertionError: assert None == 'TEST_University_ee446eff'&#10; +  where None = &lt;built-in method get of dict object at 0xf838075dd280&gt;('name')&#10; +    where &lt;built-in method get of dict object at 0xf838075dd280&gt; = {'id': 'bc3c7e13-0ff5-4ac8-b653-2e1000ccbcde', 'message': 'University added successfully'}.get">backend/tests/test_educonnect_services_enhancements.py:66: in test_create_university
    assert data.get("name") == test_name
E   AssertionError: assert None == 'TEST_University_ee446eff'
E    +  where None = &lt;built-in method get of dict object at 0xf838075dd280&gt;('name')
E    +    where &lt;built-in method get of dict object at 0xf838075dd280&gt; = {'id': 'bc3c7e13-0ff5-4ac8-b653-2e1000ccbcde', 'message': 'University added successfully'}.get</failure></testcase><testcase classname="backend.tests.test_educonnect_services_enhancements.TestEduConnectUniversities" name="test_delete_university" time="0.245" /><testcase classname="backend.tests.test_educonnect_services_enhancements.TestEduConnectPrograms" name="test_get_programs" time="0.112" /><testcase classname="backend.tests.test_educonnect_services_enhancements.TestEduConnectPrograms" name="test_programs_have_at_least_ten" time="0.130" /><testcase classname="backend.tests.test_educonnect_services_enhancements.TestEduConnectPrograms" name="test_create_program" time="0.137"><failure message="AssertionError: assert None == 'TEST_Program_04c2ca44'&#10; +  where None = &lt;built-in method get of dict object at 0xf83807094880&gt;('name')&#10; +    where &lt;built-in method get of dict object at 0xf83807094880&gt; = {'id': '5927e513-3e91-4bf8-8bd2-904ad5ad1462', 'message': 'Program added successfully'}.get">backend/tests/test_educonnect_services_enhancements.py:120: in test_create_program
    assert data.get("name") == test_name
E   AssertionError: assert None == 'TEST_Program_04c2ca44'
E    +  where None = &lt;built-in method get of dict object at 0xf83807094880&gt;('name')
E    +    where &lt;built-in method get of dict object at 0xf83807094880&gt; = {'id': '5927e513-3e91-4bf8-8bd2-904ad5ad1462', 'message': 'Program added successfully'}.get</failure></testcase><testcase classname="backend.tests.test_educonnect_services_enhancements.TestEduConnectPrograms" name="test_delete_program" time="0.226" /><testcase classname="backend.tests.test_educonnect_services_enhancements.TestEduConnectEnquiries" name="test_get_enquiries" time="0.114" /><testcase classname="backend.tests.test_educonnect_services_enhancements.TestEduConnectEnquiries" name="test_create_enquiry" time="0.137"><failure message="AssertionError: assert None == 'TEST_Student_0665fc3a'&#10; +  where None = &lt;built-in method get of dict object at 0xf838070a6740&gt;('name')&#10; +    where &lt;built-in method get of dict object at 0xf838070a6740&gt; = {'id': '173f2874-b1b7-4109-bef0-27d7f81b970c', 'message': 'Enquiry submitted successfully'}.get">backend/tests/test_educonnect_services_enhancements.py:167: in test_create_enquiry
    assert data.get("name") == test_data["name"]
E   AssertionError: assert None == 'TEST_Student_0665fc3a'
E    +  where None = &lt;built-in method get of dict object at 0xf838070a6740&gt;('name')
E    +    where &lt;built-in method get of dict object at 0xf838070a6740&gt; = {'id': '173f2874-b1b7-4109-bef0-27d7f81b970c', 'message': 'Enquiry submitted successfully'}.get</failure></testcase><testcase classname="backend.tests.test_educonnect_services_enhancements.TestServiceEnquiry" name="test_get_service_enquiries" time="0.105" /><testcase classname="backend.tests.test_educonnect_services_enhancements.TestServiceEnquiry" name="test_create_corporate_training_enquiry" time="0.270" /><testcase classname="backend.tests.test_educonnect_services_enhancements.TestServiceEnquiry" name="test_create_fly_me_a_trainer_enquiry" time="0.282" /><testcase classname="backend.tests.test_educonnect_services_enhancements.TestServiceEnquiry" name="test_service_enquiry_validates_service_type" time="0.101" /><testcase classname="backend.tests.test_educonnect_services_enhancements.TestServiceEnquiry" name="test_service_enquiry_required_fields" time="0.121" /><testcase classname="backend.tests.test_educonnect_services_enhancements.TestServiceEnquiry" name="test_update_service_enquiry_status" time="0.361" /><testcase classname="backend.tests.test_educonnect_services_enhancements.TestServiceEnquiry" name="test_delete_service_enquiry" time="0.214" /><testcase classname="backend.tests.test_educonnect_services_enhancements.TestServiceEnquiryFormFields" name="test_corporate_training_all_fields" time="0.250" /><testcase classname="backend.tests.test_educonnect_services_enhancements.TestServiceEnquiryFormFields" name="test_fly_me_a_trainer_location_field" time="0.223" /></testsuite></testsuites>