<?xml version="1.0" encoding="utf-8"?><testsuites name="pytest tests"><testsuite name="pytest" errors="0" failures="1" skipped="0" tests="18" time="5.838" timestamp="2026-03-27T18:43:48.533685+00:00" hostname="agent-env-6907bb7c-ab10-4f5f-8109-c9305f4f5b88"><testcase classname="backend.tests.test_new_pages_apis.TestHealthAndBasics" name="test_health_endpoint" time="1.987" /><testcase classname="backend.tests.test_new_pages_apis.TestHealthAndBasics" name="test_root_endpoint" time="0.120" /><testcase classname="backend.tests.test_new_pages_apis.TestCounsellingLeads" name="test_create_counselling_lead_success" time="0.122" /><testcase classname="backend.tests.test_new_pages_apis.TestCounsellingLeads" name="test_get_counselling_leads" time="0.137" /><testcase classname="backend.tests.test_new_pages_apis.TestCounsellingLeads" name="test_create_counselling_lead_missing_fields" time="0.124" /><testcase classname="backend.tests.test_new_pages_apis.TestSummerTrainingLeads" name="test_create_summer_training_lead_success" time="0.125" /><testcase classname="backend.tests.test_new_pages_apis.TestSummerTrainingLeads" name="test_get_summer_training_leads" time="0.147" /><testcase classname="backend.tests.test_new_pages_apis.TestSummerTrainingLeads" name="test_create_summer_training_lead_6_months" time="0.128" /><testcase classname="backend.tests.test_new_pages_apis.TestIndustrialTrainingLeads" name="test_create_industrial_training_lead_success" time="0.117" /><testcase classname="backend.tests.test_new_pages_apis.TestIndustrialTrainingLeads" name="test_get_industrial_training_leads" time="0.123" /><testcase classname="backend.tests.test_new_pages_apis.TestIndustrialTrainingLeads" name="test_create_industrial_training_lead_with_college" time="0.133" /><testcase classname="backend.tests.test_new_pages_apis.TestEduConnectEnquiry" name="test_create_educonnect_enquiry_success" time="0.121"><failure message="AssertionError: assert None == 'TEST_EduConnect_f592e8'&#10; +  where None = &lt;built-in method get of dict object at 0xf97669555240&gt;('name')&#10; +    where &lt;built-in method get of dict object at 0xf97669555240&gt; = {'id': '4cafcb5c-81bf-4de2-8c3a-e8fcb7fb26e7', 'message': 'Enquiry submitted successfully'}.get">backend/tests/test_new_pages_apis.py:209: in test_create_educonnect_enquiry_success
    assert data.get("name") == payload["name"]
E   AssertionError: assert None == 'TEST_EduConnect_f592e8'
E    +  where None = &lt;built-in method get of dict object at 0xf97669555240&gt;('name')
E    +    where &lt;built-in method get of dict object at 0xf97669555240&gt; = {'id': '4cafcb5c-81bf-4de2-8c3a-e8fcb7fb26e7', 'message': 'Enquiry submitted successfully'}.get</failure></testcase><testcase classname="backend.tests.test_new_pages_apis.TestEduConnectEnquiry" name="test_get_educonnect_universities" time="0.126" /><testcase classname="backend.tests.test_new_pages_apis.TestEduConnectEnquiry" name="test_get_educonnect_programs" time="0.117" /><testcase classname="backend.tests.test_new_pages_apis.TestEduConnectEnquiry" name="test_get_educonnect_enquiries" time="0.121" /><testcase classname="backend.tests.test_new_pages_apis.TestProgramsAPI" name="test_get_all_programs" time="0.124" /><testcase classname="backend.tests.test_new_pages_apis.TestProgramsAPI" name="test_get_programs_by_category" time="0.482" /><testcase classname="backend.tests.test_new_pages_apis.TestCleanup" name="test_cleanup_test_data" time="1.213" /></testsuite></testsuites>