<?xml version="1.0" encoding="utf-8"?><testsuites name="pytest tests"><testsuite name="pytest" errors="0" failures="0" skipped="0" tests="14" time="1.842" timestamp="2026-03-12T13:07:57.160480+00:00" hostname="agent-env-913c04bb-0ab2-485f-8070-9de05096ac56"><testcase classname="backend.tests.test_footer_educonnect_services.TestHealthCheck" name="test_api_root" time="0.143" /><testcase classname="backend.tests.test_footer_educonnect_services.TestHealthCheck" name="test_health_endpoint" time="0.197" /><testcase classname="backend.tests.test_footer_educonnect_services.TestEduConnectUniversities" name="test_get_universities" time="0.111" /><testcase classname="backend.tests.test_footer_educonnect_services.TestEduConnectUniversities" name="test_create_university" time="0.133" /><testcase classname="backend.tests.test_footer_educonnect_services.TestEduConnectPrograms" name="test_get_programs" time="0.139" /><testcase classname="backend.tests.test_footer_educonnect_services.TestEduConnectPrograms" name="test_create_program" time="0.111" /><testcase classname="backend.tests.test_footer_educonnect_services.TestEduConnectEnquiry" name="test_create_enquiry" time="0.120" /><testcase classname="backend.tests.test_footer_educonnect_services.TestEduConnectEnquiry" name="test_create_enquiry_minimal" time="0.123" /><testcase classname="backend.tests.test_footer_educonnect_services.TestEduConnectEnquiry" name="test_get_enquiries" time="0.127" /><testcase classname="backend.tests.test_footer_educonnect_services.TestEduConnectEnquiry" name="test_enquiry_validation_missing_name" time="0.116" /><testcase classname="backend.tests.test_footer_educonnect_services.TestEduConnectEnquiry" name="test_enquiry_validation_missing_phone" time="0.105" /><testcase classname="backend.tests.test_footer_educonnect_services.TestQuickEnquiry" name="test_create_quick_enquiry" time="0.104" /><testcase classname="backend.tests.test_footer_educonnect_services.TestQuickEnquiry" name="test_get_quick_enquiries" time="0.122" /><testcase classname="backend.tests.test_footer_educonnect_services.TestContactEnquiry" name="test_create_contact_enquiry" time="0.137" /></testsuite></testsuites>