<?xml version="1.0" encoding="utf-8"?><testsuites name="pytest tests"><testsuite name="pytest" errors="0" failures="0" skipped="0" tests="10" time="2.263" timestamp="2026-02-24T07:14:50.818525+00:00" hostname="agent-env-02b4c3bc-9f26-42a2-a218-df9dc8db4c8c"><testcase classname="backend.tests.test_cyber_warriors.TestCyberWarriorsEvents" name="test_get_events_endpoint_works" time="0.265" /><testcase classname="backend.tests.test_cyber_warriors.TestCyberWarriorsEvents" name="test_create_event_and_verify" time="0.214" /><testcase classname="backend.tests.test_cyber_warriors.TestCyberWarriorsEvents" name="test_delete_event" time="0.332" /><testcase classname="backend.tests.test_cyber_warriors.TestCyberWarriorsRegistration" name="test_register_individual" time="0.112" /><testcase classname="backend.tests.test_cyber_warriors.TestCyberWarriorsRegistration" name="test_register_organization" time="0.112" /><testcase classname="backend.tests.test_cyber_warriors.TestCyberWarriorsRegistration" name="test_register_organization_types" time="0.529" /><testcase classname="backend.tests.test_cyber_warriors.TestCyberWarriorsRegistration" name="test_get_registrations" time="0.098" /><testcase classname="backend.tests.test_cyber_warriors.TestCyberWarriorsRegistration" name="test_delete_registration" time="0.214" /><testcase classname="backend.tests.test_cyber_warriors.TestCyberWarriorsValidation" name="test_register_missing_required_fields" time="0.111" /><testcase classname="backend.tests.test_cyber_warriors.TestCyberWarriorsValidation" name="test_event_description_min_length" time="0.104" /></testsuite></testsuites>