<?xml version="1.0" encoding="utf-8"?><testsuites name="pytest tests"><testsuite name="pytest" errors="0" failures="0" skipped="0" tests="13" time="4.280" timestamp="2026-02-24T09:49:14.104541+00:00" hostname="agent-env-02b4c3bc-9f26-42a2-a218-df9dc8db4c8c"><testcase classname="backend.tests.test_popup_modal.TestPopupModalAPI" name="test_get_popup_modal_empty" time="0.433" /><testcase classname="backend.tests.test_popup_modal.TestPopupModalAPI" name="test_get_popup_modal_admin_empty" time="0.291" /><testcase classname="backend.tests.test_popup_modal.TestPopupModalAPI" name="test_create_popup_modal" time="0.211" /><testcase classname="backend.tests.test_popup_modal.TestPopupModalAPI" name="test_get_popup_modal_returns_active" time="0.308" /><testcase classname="backend.tests.test_popup_modal.TestPopupModalAPI" name="test_get_popup_modal_admin_returns_any" time="0.407" /><testcase classname="backend.tests.test_popup_modal.TestPopupModalAPI" name="test_toggle_popup_modal" time="0.444" /><testcase classname="backend.tests.test_popup_modal.TestPopupModalAPI" name="test_toggle_popup_modal_no_modal" time="0.192" /><testcase classname="backend.tests.test_popup_modal.TestPopupModalAPI" name="test_update_popup_modal" time="0.307" /><testcase classname="backend.tests.test_popup_modal.TestPopupModalAPI" name="test_delete_popup_modal" time="0.383" /><testcase classname="backend.tests.test_popup_modal.TestPopupModalAPI" name="test_delete_popup_modal_not_found" time="0.199" /><testcase classname="backend.tests.test_popup_modal.TestPopupModalAPI" name="test_popup_modal_validation" time="0.285" /><testcase classname="backend.tests.test_popup_modal.TestPopupModalAPI" name="test_inactive_modal_not_returned_by_frontend_api" time="0.397" /><testcase classname="backend.tests.test_popup_modal.TestPopupModalDefaults" name="test_popup_modal_defaults" time="0.312" /></testsuite></testsuites>