<?xml version="1.0" encoding="utf-8"?><testsuites name="pytest tests"><testsuite name="pytest" errors="0" failures="0" skipped="0" tests="18" time="3.321" timestamp="2026-03-12T10:39:43.995760+00:00" hostname="agent-env-913c04bb-0ab2-485f-8070-9de05096ac56"><testcase classname="backend.tests.test_admin_features.TestAdminLogin" name="test_admin_login_success" time="0.261" /><testcase classname="backend.tests.test_admin_features.TestAdminLogin" name="test_admin_login_wrong_password" time="0.147" /><testcase classname="backend.tests.test_admin_features.TestSEOManagement" name="test_get_all_seo_settings" time="0.172" /><testcase classname="backend.tests.test_admin_features.TestSEOManagement" name="test_create_seo_settings" time="0.151" /><testcase classname="backend.tests.test_admin_features.TestSEOManagement" name="test_get_seo_by_page_slug" time="0.228" /><testcase classname="backend.tests.test_admin_features.TestSEOManagement" name="test_update_seo_settings" time="0.110" /><testcase classname="backend.tests.test_admin_features.TestSEOManagement" name="test_seo_settings_structure" time="0.103" /><testcase classname="backend.tests.test_admin_features.TestEventsWithGallery" name="test_create_event_with_gallery" time="0.207" /><testcase classname="backend.tests.test_admin_features.TestEventsWithGallery" name="test_create_event_without_gallery" time="0.239" /><testcase classname="backend.tests.test_admin_features.TestEventsWithGallery" name="test_get_events_includes_gallery" time="0.106" /><testcase classname="backend.tests.test_admin_features.TestEventsWithGallery" name="test_update_event_gallery_images" time="0.381" /><testcase classname="backend.tests.test_admin_features.TestEventsWithGallery" name="test_delete_event" time="0.364" /><testcase classname="backend.tests.test_admin_features.TestFounderSettings" name="test_get_founder_settings" time="0.109" /><testcase classname="backend.tests.test_admin_features.TestFounderSettings" name="test_update_founder_settings" time="0.102" /><testcase classname="backend.tests.test_admin_features.TestFounderSettings" name="test_founder_settings_persistence" time="0.216" /><testcase classname="backend.tests.test_admin_features.TestFounderSettings" name="test_founder_partial_update" time="0.106" /><testcase classname="backend.tests.test_admin_features.TestHealthCheck" name="test_health_endpoint" time="0.101" /><testcase classname="backend.tests.test_admin_features.TestHealthCheck" name="test_root_endpoint" time="0.098" /></testsuite></testsuites>