<?xml version="1.0" encoding="utf-8"?><testsuites name="pytest tests"><testsuite name="pytest" errors="0" failures="0" skipped="0" tests="18" time="7.528" timestamp="2026-02-22T09:17:52.648336+00:00" hostname="agent-env-eefb0e7c-fbe3-4192-bb11-93548ce4ea4d"><testcase classname="backend.tests.test_api.TestHealthEndpoints" name="test_root_endpoint" time="0.163" /><testcase classname="backend.tests.test_api.TestHealthEndpoints" name="test_health_endpoint" time="0.112" /><testcase classname="backend.tests.test_api.TestEventsAPI" name="test_get_events" time="0.110" /><testcase classname="backend.tests.test_api.TestEventsAPI" name="test_create_event_and_delete" time="0.440" /><testcase classname="backend.tests.test_api.TestEventsAPI" name="test_event_validation" time="0.103" /><testcase classname="backend.tests.test_api.TestReviewsAPI" name="test_get_reviews" time="0.100" /><testcase classname="backend.tests.test_api.TestReviewsAPI" name="test_create_review_and_delete" time="0.332" /><testcase classname="backend.tests.test_api.TestProgramsAPI" name="test_get_programs" time="0.100" /><testcase classname="backend.tests.test_api.TestProgramsAPI" name="test_get_programs_by_category" time="0.446" /><testcase classname="backend.tests.test_api.TestProgramsAPI" name="test_create_program_and_delete" time="0.375" /><testcase classname="backend.tests.test_api.TestJobsAPI" name="test_get_jobs" time="0.104" /><testcase classname="backend.tests.test_api.TestJobsAPI" name="test_create_job_and_delete" time="0.322" /><testcase classname="backend.tests.test_api.TestContactAPI" name="test_create_contact_enquiry" time="0.108" /><testcase classname="backend.tests.test_api.TestContactAPI" name="test_get_contact_enquiries" time="0.102" /><testcase classname="backend.tests.test_api.TestContactAPI" name="test_contact_validation" time="0.111" /><testcase classname="backend.tests.test_api.TestChatAPI" name="test_chat_endpoint_responds" time="4.093" /><testcase classname="backend.tests.test_api.TestCertificateAPI" name="test_verify_certificate_not_found" time="0.119" /><testcase classname="backend.tests.test_api.TestHireRequestAPI" name="test_create_hire_request" time="0.107" /></testsuite></testsuites>