<?xml version="1.0" encoding="utf-8"?><testsuites name="pytest tests"><testsuite name="pytest" errors="0" failures="0" skipped="0" tests="12" time="3.789" timestamp="2026-03-12T12:46:46.519567+00:00" hostname="agent-env-913c04bb-0ab2-485f-8070-9de05096ac56"><testcase classname="backend.tests.test_referrals_whatsapp.TestReferralAPI" name="test_get_referrals_returns_200" time="0.260" /><testcase classname="backend.tests.test_referrals_whatsapp.TestReferralAPI" name="test_create_referral" time="0.143" /><testcase classname="backend.tests.test_referrals_whatsapp.TestReferralAPI" name="test_update_referral_status" time="0.517" /><testcase classname="backend.tests.test_referrals_whatsapp.TestReferralAPI" name="test_update_referral_all_statuses" time="0.645" /><testcase classname="backend.tests.test_referrals_whatsapp.TestReferralAPI" name="test_delete_referral" time="0.333" /><testcase classname="backend.tests.test_referrals_whatsapp.TestReferralAPI" name="test_delete_nonexistent_referral" time="0.481" /><testcase classname="backend.tests.test_referrals_whatsapp.TestMSG91SettingsAPI" name="test_get_msg91_settings_returns_200" time="0.106" /><testcase classname="backend.tests.test_referrals_whatsapp.TestMSG91SettingsAPI" name="test_save_msg91_settings" time="0.279" /><testcase classname="backend.tests.test_referrals_whatsapp.TestMSG91SettingsAPI" name="test_toggle_msg91_enabled" time="0.446" /><testcase classname="backend.tests.test_referrals_whatsapp.TestMSG91SettingsAPI" name="test_msg91_test_endpoint_without_enabled" time="0.227" /><testcase classname="backend.tests.test_referrals_whatsapp.TestHealthAndBasicEndpoints" name="test_health_endpoint" time="0.131" /><testcase classname="backend.tests.test_referrals_whatsapp.TestHealthAndBasicEndpoints" name="test_root_endpoint" time="0.108" /></testsuite></testsuites>