<?xml version="1.0" encoding="utf-8"?><testsuites name="pytest tests"><testsuite name="pytest" errors="0" failures="0" skipped="0" tests="20" time="3.483" timestamp="2026-03-12T05:04:42.913957+00:00" hostname="agent-env-ccf7ba47-2de8-4d0f-bfeb-3dbf0d8cd453"><testcase classname="backend.tests.test_new_features.TestSitemapAPI" name="test_sitemap_returns_valid_xml" time="0.110" /><testcase classname="backend.tests.test_new_features.TestSitemapAPI" name="test_sitemap_contains_xml_declaration" time="0.113" /><testcase classname="backend.tests.test_new_features.TestSitemapAPI" name="test_sitemap_contains_urlset" time="0.100" /><testcase classname="backend.tests.test_new_features.TestSitemapAPI" name="test_sitemap_contains_static_pages" time="0.107" /><testcase classname="backend.tests.test_new_features.TestSitemapAPI" name="test_sitemap_has_priority_and_changefreq" time="0.115" /><testcase classname="backend.tests.test_new_features.TestFounderSettingsAPI" name="test_get_founder_settings_returns_default" time="0.125" /><testcase classname="backend.tests.test_new_features.TestFounderSettingsAPI" name="test_get_founder_settings_structure" time="0.116" /><testcase classname="backend.tests.test_new_features.TestFounderSettingsAPI" name="test_update_founder_settings" time="0.100" /><testcase classname="backend.tests.test_new_features.TestFounderSettingsAPI" name="test_update_founder_settings_persistence" time="0.227" /><testcase classname="backend.tests.test_new_features.TestFounderSettingsAPI" name="test_update_founder_settings_partial" time="0.107" /><testcase classname="backend.tests.test_new_features.TestEventsWithGallery" name="test_create_event_with_gallery_images" time="0.236" /><testcase classname="backend.tests.test_new_features.TestEventsWithGallery" name="test_create_event_without_gallery_images" time="0.206" /><testcase classname="backend.tests.test_new_features.TestEventsWithGallery" name="test_get_event_with_gallery_images" time="0.358" /><testcase classname="backend.tests.test_new_features.TestEventsWithGallery" name="test_get_events_list_includes_gallery" time="0.100" /><testcase classname="backend.tests.test_new_features.TestEventsWithGallery" name="test_update_event_gallery_images" time="0.429" /><testcase classname="backend.tests.test_new_features.TestFranchiseEnquiry" name="test_franchise_enquiry_submit" time="0.212" /><testcase classname="backend.tests.test_new_features.TestFranchiseEnquiry" name="test_franchise_enquiry_validation" time="0.105" /><testcase classname="backend.tests.test_new_features.TestIndustrialTrainingLeads" name="test_industrial_training_lead_submit" time="0.337" /><testcase classname="backend.tests.test_new_features.TestHealthAndBasics" name="test_api_health" time="0.106" /><testcase classname="backend.tests.test_new_features.TestHealthAndBasics" name="test_api_root" time="0.117" /></testsuite></testsuites>